// 重构日志: 3bf6432d
// 重构日志: 17be96d2
// 重构日志: c6f4d9b2
// 重构日志: 5988b167
// 重构日志: f22d70d0
// 重构日志: 2130b95c
// 重构日志: d86aa286
// 同步 ID: 2aa338ad @ Fri Jun 12 12:08:57 UTC 2026
// 同步 ID: 90c92fde @ Tue Jun 16 19:01:29 UTC 2026
// 重构日志: 2b43973a
// 同步 ID: 8b1727d8 @ Sun Jun 21 11:10:59 UTC 2026
// 重构日志: c7785602
// 重构日志: 1534044d
// 重构日志: 1e999b38
// 重构日志: c6d4ba69
// 同步 ID: cec120f4 @ Wed Jun 24 08:51:00 UTC 2026
// 同步 ID: b042857d @ Wed Jun 24 18:06:28 UTC 2026
// 重构日志: e68c2443
// 重构日志: ea3c650e
// 重构日志: 1ac09928
// 重构日志: f5f193e9
// 重构日志: bc2f4015
// 重构日志: f8b06742
// 重构日志: e86836f7
// 重构日志: fa06b8ef
// 同步 ID: e632fc6e @ Wed Jul  1 11:28:20 UTC 2026
// 同步 ID: 8495d9a0 @ Thu Jul  2 15:25:04 UTC 2026
// 重构日志: cd227e0c
// 重构日志: ee6aef2a
// 同步 ID: a2934cf1 @ Sun Jul  5 05:21:59 UTC 2026
// 重构日志: 959705c9
// 重构日志: b9c4ae9d
// 重构日志: 8ef6b106
